<?xml version="1.0" encoding="UTF-8"?>
<!-- Generated by org.testng.reporters.JUnitReportReporter -->
<testsuite skipped="0" hostname="DESKTOP-40F7F1D" name="com.tutorialsninja.testsuite.AccountRegisterPageTest" tests="1" failures="0" timestamp="2023-05-08T15:03:29 BST" time="10.937" errors="1">
  <testcase name="verifyThatUserShouldLoginAndLogoutSuccessfully" time="10.937" classname="com.tutorialsninja.testsuite.AccountRegisterPageTest">
    <error type="org.openqa.selenium.StaleElementReferenceException" message="stale element reference: stale element not found
  (Session info: chrome=113.0.5672.63)
For documentation on this error, please visit: https://selenium.dev/exceptions/#stale_element_reference
Build info: version: &#039;4.9.0&#039;, revision: &#039;d7057100a6&#039;
System info: os.name: &#039;Windows 10&#039;, os.arch: &#039;amd64&#039;, os.version: &#039;10.0&#039;, java.version: &#039;1.8.0_121&#039;
Driver info: org.openqa.selenium.chrome.ChromeDriver
Command: [e5d5a70b3c4dbcdc093b82fb6cad40b6, actions {actions=[org.openqa.selenium.interactions.Sequence@2575f671]}]
Capabilities {acceptInsecureCerts: false, browserName: chrome, browserVersion: 113.0.5672.63, chrome: {chromedriverVersion: 113.0.5672.63 (0e1a4471d5ae..., userDataDir: C:\Users\dell\AppData\Local...}, goog:chromeOptions: {debuggerAddress: localhost:61911}, networkConnectionEnabled: false, pageLoadStrategy: normal, platformName: WINDOWS, proxy: Proxy(), se:cdp: ws://localhost:61911/devtoo..., se:cdpVersion: 113.0.5672.63, setWindowRect: true, strictFileInteractability: false, timeouts: {implicit: 0, pageLoad: 300000, script: 30000}, unhandledPromptBehavior: dismiss and notify, webauthn:extension:credBlob: true, webauthn:extension:largeBlob: true, webauthn:extension:minPinLength: true, webauthn:extension:prf: true, webauthn:virtualAuthenticators: true}
Session ID: e5d5a70b3c4dbcdc093b82fb6cad40b6">
      <![CDATA[org.openqa.selenium.StaleElementReferenceException: stale element reference: stale element not found
  (Session info: chrome=113.0.5672.63)
For documentation on this error, please visit: https://selenium.dev/exceptions/#stale_element_reference
Build info: version: '4.9.0', revision: 'd7057100a6'
System info: os.name: 'Windows 10', os.arch: 'amd64', os.version: '10.0', java.version: '1.8.0_121'
Driver info: org.openqa.selenium.chrome.ChromeDriver
Command: [e5d5a70b3c4dbcdc093b82fb6cad40b6, actions {actions=[org.openqa.selenium.interactions.Sequence@2575f671]}]
Capabilities {acceptInsecureCerts: false, browserName: chrome, browserVersion: 113.0.5672.63, chrome: {chromedriverVersion: 113.0.5672.63 (0e1a4471d5ae..., userDataDir: C:\Users\dell\AppData\Local...}, goog:chromeOptions: {debuggerAddress: localhost:61911}, networkConnectionEnabled: false, pageLoadStrategy: normal, platformName: WINDOWS, proxy: Proxy(), se:cdp: ws://localhost:61911/devtoo..., se:cdpVersion: 113.0.5672.63, setWindowRect: true, strictFileInteractability: false, timeouts: {implicit: 0, pageLoad: 300000, script: 30000}, unhandledPromptBehavior: dismiss and notify, webauthn:extension:credBlob: true, webauthn:extension:largeBlob: true, webauthn:extension:minPinLength: true, webauthn:extension:prf: true, webauthn:virtualAuthenticators: true}
Session ID: e5d5a70b3c4dbcdc093b82fb6cad40b6
at sun.reflect.NativeConstructorAccessorImpl.newInstance0(Native Method)
at sun.reflect.NativeConstructorAccessorImpl.newInstance(NativeConstructorAccessorImpl.java:62)
at sun.reflect.DelegatingConstructorAccessorImpl.newInstance(DelegatingConstructorAccessorImpl.java:45)
at java.lang.reflect.Constructor.newInstance(Constructor.java:423)
at org.openqa.selenium.remote.codec.w3c.W3CHttpResponseCodec.createException(W3CHttpResponseCodec.java:200)
at org.openqa.selenium.remote.codec.w3c.W3CHttpResponseCodec.decode(W3CHttpResponseCodec.java:133)
at org.openqa.selenium.remote.codec.w3c.W3CHttpResponseCodec.decode(W3CHttpResponseCodec.java:53)
at org.openqa.selenium.remote.HttpCommandExecutor.execute(HttpCommandExecutor.java:193)
at org.openqa.selenium.remote.service.DriverCommandExecutor.invokeExecute(DriverCommandExecutor.java:183)
at org.openqa.selenium.remote.service.DriverCommandExecutor.execute(DriverCommandExecutor.java:158)
at org.openqa.selenium.remote.RemoteWebDriver.execute(RemoteWebDriver.java:543)
at org.openqa.selenium.remote.RemoteWebDriver.perform(RemoteWebDriver.java:611)
at org.openqa.selenium.interactions.Actions$BuiltAction.perform(Actions.java:567)
at org.openqa.selenium.interactions.Actions.perform(Actions.java:536)
at com.tutorialsninja.utilities.Utility.mouseHoverToElementAndClick(Utility.java:260)
at com.tutorialsninja.pages.HomePage.mouseHoverAndClickOnMyQAccountTab(HomePage.java:100)
at com.tutorialsninja.testsuite.AccountRegisterPageTest.verifyThatUserShouldLoginAndLogoutSuccessfully(AccountRegisterPageTest.java:68)
at sun.reflect.NativeMethodAccessorImpl.invoke0(Native Method)
at sun.reflect.NativeMethodAccessorImpl.invoke(NativeMethodAccessorImpl.java:62)
at sun.reflect.DelegatingMethodAccessorImpl.invoke(DelegatingMethodAccessorImpl.java:43)
at java.lang.reflect.Method.invoke(Method.java:498)
at org.testng.internal.invokers.MethodInvocationHelper.invokeMethod(MethodInvocationHelper.java:135)
at org.testng.internal.invokers.TestInvoker.invokeMethod(TestInvoker.java:673)
at org.testng.internal.invokers.TestInvoker.invokeTestMethod(TestInvoker.java:220)
at org.testng.internal.invokers.MethodRunner.runInSequence(MethodRunner.java:50)
at org.testng.internal.invokers.TestInvoker$MethodInvocationAgent.invoke(TestInvoker.java:945)
at org.testng.internal.invokers.TestInvoker.invokeTestMethods(TestInvoker.java:193)
at org.testng.internal.invokers.TestMethodWorker.invokeTestMethods(TestMethodWorker.java:146)
at org.testng.internal.invokers.TestMethodWorker.run(TestMethodWorker.java:128)
at java.util.ArrayList.forEach(ArrayList.java:1249)
at org.testng.TestRunner.privateRun(TestRunner.java:808)
at org.testng.TestRunner.run(TestRunner.java:603)
at org.testng.SuiteRunner.runTest(SuiteRunner.java:429)
at org.testng.SuiteRunner.runSequentially(SuiteRunner.java:423)
at org.testng.SuiteRunner.privateRun(SuiteRunner.java:383)
at org.testng.SuiteRunner.run(SuiteRunner.java:326)
at org.testng.SuiteRunnerWorker.runSuite(SuiteRunnerWorker.java:52)
at org.testng.SuiteRunnerWorker.run(SuiteRunnerWorker.java:95)
at org.testng.TestNG.runSuitesSequentially(TestNG.java:1249)
at org.testng.TestNG.runSuitesLocally(TestNG.java:1169)
at org.testng.TestNG.runSuites(TestNG.java:1092)
at org.testng.TestNG.run(TestNG.java:1060)
at com.intellij.rt.testng.IDEARemoteTestNG.run(IDEARemoteTestNG.java:66)
at com.intellij.rt.testng.RemoteTestNGStarter.main(RemoteTestNGStarter.java:109)
]]>
    </error>
  </testcase> <!-- verifyThatUserShouldLoginAndLogoutSuccessfully -->
  <system-out>
    <![CDATA[Click on myAccountTab[[ChromeDriver: chrome on WINDOWS (e5d5a70b3c4dbcdc093b82fb6cad40b6)] -> xpath: //a[@title='My Account']]
Select my account options[[[ChromeDriver: chrome on WINDOWS (e5d5a70b3c4dbcdc093b82fb6cad40b6)] -> xpath: //div[@id='top-links']//li[contains(@class,'open')]/ul/li], [[ChromeDriver: chrome on WINDOWS (e5d5a70b3c4dbcdc093b82fb6cad40b6)] -> xpath: //div[@id='top-links']//li[contains(@class,'open')]/ul/li]]
Enter firstname[[ChromeDriver: chrome on WINDOWS (e5d5a70b3c4dbcdc093b82fb6cad40b6)] -> id: input-firstname]
Enter lastname[[ChromeDriver: chrome on WINDOWS (e5d5a70b3c4dbcdc093b82fb6cad40b6)] -> id: input-lastname]
Enter email[[ChromeDriver: chrome on WINDOWS (e5d5a70b3c4dbcdc093b82fb6cad40b6)] -> id: input-email]
Enter Telephone[[ChromeDriver: chrome on WINDOWS (e5d5a70b3c4dbcdc093b82fb6cad40b6)] -> id: input-telephone]
Enter password[[ChromeDriver: chrome on WINDOWS (e5d5a70b3c4dbcdc093b82fb6cad40b6)] -> id: input-password]
Enter confirm password[[ChromeDriver: chrome on WINDOWS (e5d5a70b3c4dbcdc093b82fb6cad40b6)] -> id: input-confirm]
Select subscription option[[[ChromeDriver: chrome on WINDOWS (e5d5a70b3c4dbcdc093b82fb6cad40b6)] -> xpath: //fieldset[3]//input], [[ChromeDriver: chrome on WINDOWS (e5d5a70b3c4dbcdc093b82fb6cad40b6)] -> xpath: //fieldset[3]//input]]
Click on privacy policy[[ChromeDriver: chrome on WINDOWS (e5d5a70b3c4dbcdc093b82fb6cad40b6)] -> xpath: //div[@class = 'buttons']//input[@name='agree']]
Click on continue button[[ChromeDriver: chrome on WINDOWS (e5d5a70b3c4dbcdc093b82fb6cad40b6)] -> xpath: //div[@class = 'buttons']//input[@value='Continue']]
Get account created text[[ChromeDriver: chrome on WINDOWS (e5d5a70b3c4dbcdc093b82fb6cad40b6)] -> xpath: //h1[contains(text(),'Your Account Has Been Created!')]]
Click on continueButton[[ChromeDriver: chrome on WINDOWS (e5d5a70b3c4dbcdc093b82fb6cad40b6)] -> xpath: //a[contains(text(),'Continue')]]
Click on myAccountTab[[ChromeDriver: chrome on WINDOWS (e5d5a70b3c4dbcdc093b82fb6cad40b6)] -> xpath: //a[@title='My Account']]]]>
  </system-out>
</testsuite> <!-- com.tutorialsninja.testsuite.AccountRegisterPageTest -->
